pollinet-android/pollinet-sdk/build/intermediates/manifest_merge_blame_file/release/processReleaseManifest/manifest-merger-blame-release-report.txt
1<?xml version="1.0" encoding="utf-8"?>
2<manifest xmlns:android="http://schemas.android.com/apk/res/android"
3    package="xyz.pollinet.sdk" >
4
5    <uses-sdk android:minSdkVersion="28" />
6
7    <!-- Bluetooth permissions for Android 12+ -->
8    <uses-permission android:name="android.permission.BLUETOOTH" />
8-->src/main/AndroidManifest.xml:5:5-68
8-->src/main/AndroidManifest.xml:5:22-65
9    <uses-permission android:name="android.permission.BLUETOOTH_ADMIN" />
9-->src/main/AndroidManifest.xml:6:5-74
9-->src/main/AndroidManifest.xml:6:22-71
10    <uses-permission
10-->src/main/AndroidManifest.xml:7:5-8:58
11        android:name="android.permission.BLUETOOTH_SCAN"
11-->src/main/AndroidManifest.xml:7:22-70
12        android:usesPermissionFlags="neverForLocation" />
12-->src/main/AndroidManifest.xml:8:9-55
13    <uses-permission android:name="android.permission.BLUETOOTH_CONNECT" />
13-->src/main/AndroidManifest.xml:9:5-76
13-->src/main/AndroidManifest.xml:9:22-73
14    <uses-permission android:name="android.permission.BLUETOOTH_ADVERTISE" />
14-->src/main/AndroidManifest.xml:10:5-78
14-->src/main/AndroidManifest.xml:10:22-75
15
16    <!-- Location permissions for BLE on Android 10-11 -->
17    <uses-permission android:name="android.permission.ACCESS_FINE_LOCATION" />
17-->src/main/AndroidManifest.xml:13:5-79
17-->src/main/AndroidManifest.xml:13:22-76
18    <uses-permission android:name="android.permission.ACCESS_COARSE_LOCATION" />
18-->src/main/AndroidManifest.xml:14:5-81
18-->src/main/AndroidManifest.xml:14:22-78
19
20    <!-- Foreground service for BLE operations -->
21    <uses-permission android:name="android.permission.FOREGROUND_SERVICE" />
21-->src/main/AndroidManifest.xml:17:5-77
21-->src/main/AndroidManifest.xml:17:22-74
22    <uses-permission android:name="android.permission.FOREGROUND_SERVICE_CONNECTED_DEVICE" />
22-->src/main/AndroidManifest.xml:18:5-94
22-->src/main/AndroidManifest.xml:18:22-91
23
24    <!-- Internet for RPC calls (optional) -->
25    <uses-permission android:name="android.permission.INTERNET" />
25-->src/main/AndroidManifest.xml:21:5-67
25-->src/main/AndroidManifest.xml:21:22-64
26
27    <uses-feature
27-->src/main/AndroidManifest.xml:23:5-90
28        android:name="android.hardware.bluetooth_le"
28-->src/main/AndroidManifest.xml:23:19-63
29        android:required="true" />
29-->src/main/AndroidManifest.xml:23:64-87
30
31</manifest>